     Creating library D:\vs project\11.1\x64\Debug\UnitTest1.lib and object D:\vs project\11.1\x64\Debug\UnitTest1.exp
UnitTest1.obj : error LNK2019: unresolved external symbol "bool __cdecl containsSQorQS(char const *)" (?containsSQorQS@@YA_NPEBD@Z) referenced in function "public: void __cdecl UnitTest1::UnitTest1::TestMethod1(void)" (?TestMethod1@UnitTest1@1@QEAAXXZ)
D:\vs project\11.1\x64\Debug\UnitTest1.dll : fatal error LNK1120: 1 unresolved externals
